running develop
running egg_info
creating warmup_project.egg-info
writing warmup_project.egg-info/PKG-INFO
writing dependency_links to warmup_project.egg-info/dependency_links.txt
writing entry points to warmup_project.egg-info/entry_points.txt
writing requirements to warmup_project.egg-info/requires.txt
writing top-level names to warmup_project.egg-info/top_level.txt
writing manifest file 'warmup_project.egg-info/SOURCES.txt'
reading manifest file 'warmup_project.egg-info/SOURCES.txt'
writing manifest file 'warmup_project.egg-info/SOURCES.txt'
running build_ext
Creating /home/deep13/ros2_ws/src/warmup_project/install/warmup_project/lib/python3.8/site-packages/site.py
Creating /home/deep13/ros2_ws/src/warmup_project/install/warmup_project/lib/python3.8/site-packages/warmup-project.egg-link (link to .)
Installing marker_sample = warmup_project.marker_sample:mainemergency_stop script to /home/deep13/ros2_ws/src/warmup_project/install/warmup_project/lib/warmup_project
Installing tele_op script to /home/deep13/ros2_ws/src/warmup_project/install/warmup_project/lib/warmup_project

Installed /home/deep13/ros2_ws/src/warmup_project/build/warmup_project
running install_data
creating /home/deep13/ros2_ws/src/warmup_project/install/warmup_project/share/ament_index
creating /home/deep13/ros2_ws/src/warmup_project/install/warmup_project/share/ament_index/resource_index
creating /home/deep13/ros2_ws/src/warmup_project/install/warmup_project/share/ament_index/resource_index/packages
copying resource/warmup_project -> /home/deep13/ros2_ws/src/warmup_project/install/warmup_project/share/ament_index/resource_index/packages
copying package.xml -> /home/deep13/ros2_ws/src/warmup_project/install/warmup_project/share/warmup_project
