[0.611s] Invoking command in '/home/deep13/ros2_ws/src/warmup_project/build/warmup_project': PYTHONPATH=/home/deep13/ros2_ws/src/warmup_project/install/warmup_project/lib/python3.8/site-packages:${PYTHONPATH} /usr/bin/python3 setup.py develop --prefix /home/deep13/ros2_ws/src/warmup_project/install/warmup_project --editable --build-directory /home/deep13/ros2_ws/src/warmup_project/build/warmup_project/build --no-deps install_data --install-dir /home/deep13/ros2_ws/src/warmup_project/install/warmup_project
[0.880s] running develop
[1.030s] running egg_info
[1.030s] creating warmup_project.egg-info
[1.030s] writing warmup_project.egg-info/PKG-INFO
[1.030s] writing dependency_links to warmup_project.egg-info/dependency_links.txt
[1.031s] writing entry points to warmup_project.egg-info/entry_points.txt
[1.031s] writing requirements to warmup_project.egg-info/requires.txt
[1.031s] writing top-level names to warmup_project.egg-info/top_level.txt
[1.032s] writing manifest file 'warmup_project.egg-info/SOURCES.txt'
[1.064s] reading manifest file 'warmup_project.egg-info/SOURCES.txt'
[1.064s] writing manifest file 'warmup_project.egg-info/SOURCES.txt'
[1.097s] running build_ext
[1.097s] Creating /home/deep13/ros2_ws/src/warmup_project/install/warmup_project/lib/python3.8/site-packages/site.py
[1.099s] Creating /home/deep13/ros2_ws/src/warmup_project/install/warmup_project/lib/python3.8/site-packages/warmup-project.egg-link (link to .)
[1.100s] Installing marker_sample = warmup_project.marker_sample:mainemergency_stop script to /home/deep13/ros2_ws/src/warmup_project/install/warmup_project/lib/warmup_project
[1.100s] Installing tele_op script to /home/deep13/ros2_ws/src/warmup_project/install/warmup_project/lib/warmup_project
[1.101s] 
[1.101s] Installed /home/deep13/ros2_ws/src/warmup_project/build/warmup_project
[1.101s] running install_data
[1.101s] creating /home/deep13/ros2_ws/src/warmup_project/install/warmup_project/share/ament_index
[1.101s] creating /home/deep13/ros2_ws/src/warmup_project/install/warmup_project/share/ament_index/resource_index
[1.101s] creating /home/deep13/ros2_ws/src/warmup_project/install/warmup_project/share/ament_index/resource_index/packages
[1.102s] copying resource/warmup_project -> /home/deep13/ros2_ws/src/warmup_project/install/warmup_project/share/ament_index/resource_index/packages
[1.102s] copying package.xml -> /home/deep13/ros2_ws/src/warmup_project/install/warmup_project/share/warmup_project
[1.125s] Invoked command in '/home/deep13/ros2_ws/src/warmup_project/build/warmup_project' returned '0': PYTHONPATH=/home/deep13/ros2_ws/src/warmup_project/install/warmup_project/lib/python3.8/site-packages:${PYTHONPATH} /usr/bin/python3 setup.py develop --prefix /home/deep13/ros2_ws/src/warmup_project/install/warmup_project --editable --build-directory /home/deep13/ros2_ws/src/warmup_project/build/warmup_project/build --no-deps install_data --install-dir /home/deep13/ros2_ws/src/warmup_project/install/warmup_project
