[0.143s] DEBUG:colcon:Command line arguments: ['/usr/bin/colcon', 'build', '--symlink-install']
[0.143s] DEBUG:colcon:Parsed command line arguments: Namespace(allow_overriding=[], ament_cmake_args=None, base_paths=['.'], build_base='build', catkin_cmake_args=None, catkin_skip_building_tests=False, cmake_args=None, cmake_clean_cache=False, cmake_clean_first=False, cmake_force_configure=False, cmake_target=None, cmake_target_skip_unavailable=False, continue_on_error=False, event_handlers=None, executor='parallel', ignore_user_meta=False, install_base='install', log_base=None, log_level=None, main=<bound method BuildVerb.main of <colcon_core.verb.build.BuildVerb object at 0x7fa32af011c0>>, merge_install=False, metas=['./colcon.meta'], packages_above=None, packages_above_and_dependencies=None, packages_above_depth=None, packages_end=None, packages_ignore=None, packages_ignore_regex=None, packages_select=None, packages_select_build_failed=False, packages_select_by_dep=None, packages_select_regex=None, packages_select_test_failures=False, packages_skip=None, packages_skip_build_finished=False, packages_skip_by_dep=None, packages_skip_regex=None, packages_skip_test_passed=False, packages_skip_up_to=None, packages_start=None, packages_up_to=None, packages_up_to_regex=None, parallel_workers=12, paths=None, symlink_install=True, test_result_base=None, verb_extension=<colcon_core.verb.build.BuildVerb object at 0x7fa32af011c0>, verb_name='build', verb_parser=<colcon_defaults.argument_parser.defaults.DefaultArgumentsDecorator object at 0x7fa32af01700>)
[0.167s] Level 1:colcon.colcon_core.package_discovery:discover_packages(colcon_meta) check parameters
[0.167s] Level 1:colcon.colcon_core.package_discovery:discover_packages(recursive) check parameters
[0.167s] Level 1:colcon.colcon_core.package_discovery:discover_packages(ignore) check parameters
[0.167s] Level 1:colcon.colcon_core.package_discovery:discover_packages(path) check parameters
[0.167s] Level 1:colcon.colcon_core.package_discovery:discover_packages(colcon_meta) discover
[0.167s] Level 1:colcon.colcon_core.package_discovery:discover_packages(recursive) discover
[0.167s] INFO:colcon.colcon_core.package_discovery:Crawling recursively for packages in '/home/deep13/ros2_ws/src/warmup_project'
[0.168s] Level 1:colcon.colcon_core.package_identification:_identify(.) by extensions ['ignore', 'ignore_ament_install']
[0.168s] Level 1:colcon.colcon_core.package_identification:_identify(.) by extension 'ignore'
[0.168s] Level 1:colcon.colcon_core.package_identification:_identify(.) by extension 'ignore_ament_install'
[0.168s] Level 1:colcon.colcon_core.package_identification:_identify(.) by extensions ['colcon_pkg']
[0.168s] Level 1:colcon.colcon_core.package_identification:_identify(.) by extension 'colcon_pkg'
[0.168s] Level 1:colcon.colcon_core.package_identification:_identify(.) by extensions ['colcon_meta']
[0.168s] Level 1:colcon.colcon_core.package_identification:_identify(.) by extension 'colcon_meta'
[0.168s] Level 1:colcon.colcon_core.package_identification:_identify(.) by extensions ['ros']
[0.168s] Level 1:colcon.colcon_core.package_identification:_identify(.) by extension 'ros'
[0.181s] DEBUG:colcon.colcon_core.package_identification:Package '.' with type 'ros.ament_python' and name 'warmup_project'
[0.181s] Level 1:colcon.colcon_core.package_discovery:discover_packages(recursive) using defaults
[0.181s] Level 1:colcon.colcon_core.package_discovery:discover_packages(ignore) discover
[0.181s] Level 1:colcon.colcon_core.package_discovery:discover_packages(ignore) using defaults
[0.181s] Level 1:colcon.colcon_core.package_discovery:discover_packages(path) discover
[0.181s] Level 1:colcon.colcon_core.package_discovery:discover_packages(path) using defaults
[0.208s] Level 1:colcon.colcon_core.package_discovery:discover_packages(prefix_path) check parameters
[0.208s] Level 1:colcon.colcon_core.package_discovery:discover_packages(prefix_path) discover
[0.211s] DEBUG:colcon.colcon_installed_package_information.package_discovery:Found 7 installed packages in /home/deep13/ros2_ws/install
[0.212s] DEBUG:colcon.colcon_installed_package_information.package_discovery:Found 299 installed packages in /opt/ros/foxy
[0.214s] Level 1:colcon.colcon_core.package_discovery:discover_packages(prefix_path) using defaults
[0.283s] Level 5:colcon.colcon_core.verb:set package 'warmup_project' build argument 'cmake_args' from command line to 'None'
[0.283s] Level 5:colcon.colcon_core.verb:set package 'warmup_project' build argument 'cmake_target' from command line to 'None'
[0.283s] Level 5:colcon.colcon_core.verb:set package 'warmup_project' build argument 'cmake_target_skip_unavailable' from command line to 'False'
[0.283s] Level 5:colcon.colcon_core.verb:set package 'warmup_project' build argument 'cmake_clean_cache' from command line to 'False'
[0.283s] Level 5:colcon.colcon_core.verb:set package 'warmup_project' build argument 'cmake_clean_first' from command line to 'False'
[0.283s] Level 5:colcon.colcon_core.verb:set package 'warmup_project' build argument 'cmake_force_configure' from command line to 'False'
[0.283s] Level 5:colcon.colcon_core.verb:set package 'warmup_project' build argument 'ament_cmake_args' from command line to 'None'
[0.283s] Level 5:colcon.colcon_core.verb:set package 'warmup_project' build argument 'catkin_cmake_args' from command line to 'None'
[0.283s] Level 5:colcon.colcon_core.verb:set package 'warmup_project' build argument 'catkin_skip_building_tests' from command line to 'False'
[0.283s] DEBUG:colcon.colcon_core.verb:Building package 'warmup_project' with the following arguments: {'ament_cmake_args': None, 'build_base': '/home/deep13/ros2_ws/src/warmup_project/build/warmup_project', 'catkin_cmake_args': None, 'catkin_skip_building_tests': False, 'cmake_args': None, 'cmake_clean_cache': False, 'cmake_clean_first': False, 'cmake_force_configure': False, 'cmake_target': None, 'cmake_target_skip_unavailable': False, 'install_base': '/home/deep13/ros2_ws/src/warmup_project/install/warmup_project', 'merge_install': False, 'path': '/home/deep13/ros2_ws/src/warmup_project', 'symlink_install': True, 'test_result_base': None}
[0.284s] INFO:colcon.colcon_core.executor:Executing jobs using 'parallel' executor
[0.288s] DEBUG:colcon.colcon_parallel_executor.executor.parallel:run_until_complete
[0.289s] INFO:colcon.colcon_ros.task.ament_python.build:Building ROS package in '/home/deep13/ros2_ws/src/warmup_project' with build type 'ament_python'
[0.289s] Level 1:colcon.colcon_core.shell:create_environment_hook('warmup_project', 'ament_prefix_path')
[0.293s] INFO:colcon.colcon_core.plugin_system:Skipping extension 'colcon_core.shell.bat': Not used on non-Windows systems
[0.293s] INFO:colcon.colcon_core.shell:Creating environment hook '/home/deep13/ros2_ws/src/warmup_project/install/warmup_project/share/warmup_project/hook/ament_prefix_path.ps1'
[0.294s] INFO:colcon.colcon_core.shell:Creating environment descriptor '/home/deep13/ros2_ws/src/warmup_project/install/warmup_project/share/warmup_project/hook/ament_prefix_path.dsv'
[0.294s] INFO:colcon.colcon_core.shell:Creating environment hook '/home/deep13/ros2_ws/src/warmup_project/install/warmup_project/share/warmup_project/hook/ament_prefix_path.sh'
[0.296s] INFO:colcon.colcon_core.shell:Skip shell extension 'powershell' for command environment: Not usable outside of PowerShell
[0.296s] DEBUG:colcon.colcon_core.shell:Skip shell extension 'dsv' for command environment
[0.508s] INFO:colcon.colcon_core.task.python.build:Building Python package in '/home/deep13/ros2_ws/src/warmup_project'
[0.510s] INFO:colcon.colcon_core.shell:Skip shell extension 'powershell' for command environment: Not usable outside of PowerShell
[0.510s] DEBUG:colcon.colcon_core.shell:Skip shell extension 'dsv' for command environment
[0.890s] DEBUG:colcon.colcon_core.event_handler.log_command:Invoking command in '/home/deep13/ros2_ws/src/warmup_project/build/warmup_project': PYTHONPATH=/home/deep13/ros2_ws/src/warmup_project/install/warmup_project/lib/python3.8/site-packages:${PYTHONPATH} /usr/bin/python3 setup.py develop --prefix /home/deep13/ros2_ws/src/warmup_project/install/warmup_project --editable --build-directory /home/deep13/ros2_ws/src/warmup_project/build/warmup_project/build --no-deps install_data --install-dir /home/deep13/ros2_ws/src/warmup_project/install/warmup_project
[1.318s] Level 1:colcon.colcon_core.shell:create_environment_hook('warmup_project', 'pythonpath_develop')
[1.320s] INFO:colcon.colcon_core.shell:Creating environment hook '/home/deep13/ros2_ws/src/warmup_project/build/warmup_project/share/warmup_project/hook/pythonpath_develop.ps1'
[1.320s] DEBUG:colcon.colcon_core.event_handler.log_command:Invoked command in '/home/deep13/ros2_ws/src/warmup_project/build/warmup_project' returned '0': PYTHONPATH=/home/deep13/ros2_ws/src/warmup_project/install/warmup_project/lib/python3.8/site-packages:${PYTHONPATH} /usr/bin/python3 setup.py develop --prefix /home/deep13/ros2_ws/src/warmup_project/install/warmup_project --editable --build-directory /home/deep13/ros2_ws/src/warmup_project/build/warmup_project/build --no-deps install_data --install-dir /home/deep13/ros2_ws/src/warmup_project/install/warmup_project
[1.321s] INFO:colcon.colcon_core.shell:Creating environment descriptor '/home/deep13/ros2_ws/src/warmup_project/build/warmup_project/share/warmup_project/hook/pythonpath_develop.dsv'
[1.321s] INFO:colcon.colcon_core.shell:Creating environment hook '/home/deep13/ros2_ws/src/warmup_project/build/warmup_project/share/warmup_project/hook/pythonpath_develop.sh'
[1.327s] Level 1:colcon.colcon_core.environment:checking '/home/deep13/ros2_ws/src/warmup_project/install/warmup_project' for CMake module files
[1.327s] Level 1:colcon.colcon_core.environment:checking '/home/deep13/ros2_ws/src/warmup_project/install/warmup_project' for CMake config files
[1.328s] Level 1:colcon.colcon_core.environment:checking '/home/deep13/ros2_ws/src/warmup_project/install/warmup_project/lib'
[1.328s] Level 1:colcon.colcon_core.environment:checking '/home/deep13/ros2_ws/src/warmup_project/install/warmup_project/bin'
[1.328s] Level 1:colcon.colcon_core.environment:checking '/home/deep13/ros2_ws/src/warmup_project/install/warmup_project/lib/pkgconfig/warmup_project.pc'
[1.328s] Level 1:colcon.colcon_core.environment:checking '/home/deep13/ros2_ws/src/warmup_project/install/warmup_project/lib/python3.8/site-packages'
[1.329s] Level 1:colcon.colcon_core.shell:create_environment_hook('warmup_project', 'pythonpath')
[1.330s] INFO:colcon.colcon_core.shell:Creating environment hook '/home/deep13/ros2_ws/src/warmup_project/install/warmup_project/share/warmup_project/hook/pythonpath.ps1'
[1.330s] INFO:colcon.colcon_core.shell:Creating environment descriptor '/home/deep13/ros2_ws/src/warmup_project/install/warmup_project/share/warmup_project/hook/pythonpath.dsv'
[1.331s] INFO:colcon.colcon_core.shell:Creating environment hook '/home/deep13/ros2_ws/src/warmup_project/install/warmup_project/share/warmup_project/hook/pythonpath.sh'
[1.331s] Level 1:colcon.colcon_core.environment:checking '/home/deep13/ros2_ws/src/warmup_project/install/warmup_project/bin'
[1.331s] Level 1:colcon.colcon_core.environment:create_environment_scripts_only(warmup_project)
[1.333s] INFO:colcon.colcon_core.shell:Creating package script '/home/deep13/ros2_ws/src/warmup_project/install/warmup_project/share/warmup_project/package.ps1'
[1.333s] INFO:colcon.colcon_core.shell:Creating package descriptor '/home/deep13/ros2_ws/src/warmup_project/install/warmup_project/share/warmup_project/package.dsv'
[1.334s] INFO:colcon.colcon_core.shell:Creating package script '/home/deep13/ros2_ws/src/warmup_project/install/warmup_project/share/warmup_project/package.sh'
[1.335s] INFO:colcon.colcon_core.shell:Creating package script '/home/deep13/ros2_ws/src/warmup_project/install/warmup_project/share/warmup_project/package.bash'
[1.335s] INFO:colcon.colcon_core.shell:Creating package script '/home/deep13/ros2_ws/src/warmup_project/install/warmup_project/share/warmup_project/package.zsh'
[1.336s] Level 1:colcon.colcon_core.environment:create_file_with_runtime_dependencies(/home/deep13/ros2_ws/src/warmup_project/install/warmup_project/share/colcon-core/packages/warmup_project)
[1.336s] DEBUG:colcon.colcon_parallel_executor.executor.parallel:closing loop
[1.337s] DEBUG:colcon.colcon_parallel_executor.executor.parallel:loop closed
[1.337s] DEBUG:colcon.colcon_parallel_executor.executor.parallel:run_until_complete finished with '0'
[1.337s] DEBUG:colcon.colcon_core.event_reactor:joining thread
[1.343s] INFO:colcon.colcon_core.plugin_system:Skipping extension 'colcon_notification.desktop_notification.terminal_notifier': Not used on non-Darwin systems
[1.343s] INFO:colcon.colcon_core.plugin_system:Skipping extension 'colcon_notification.desktop_notification.win32': Not used on non-Windows systems
[1.343s] INFO:colcon.colcon_notification.desktop_notification:Sending desktop notification using 'notify2'
[1.356s] DEBUG:colcon.colcon_core.event_reactor:joined thread
[1.357s] INFO:colcon.colcon_core.shell:Creating prefix script '/home/deep13/ros2_ws/src/warmup_project/install/local_setup.ps1'
[1.358s] INFO:colcon.colcon_core.shell:Creating prefix util module '/home/deep13/ros2_ws/src/warmup_project/install/_local_setup_util_ps1.py'
[1.361s] INFO:colcon.colcon_core.shell:Creating prefix chain script '/home/deep13/ros2_ws/src/warmup_project/install/setup.ps1'
[1.362s] INFO:colcon.colcon_core.shell:Creating prefix script '/home/deep13/ros2_ws/src/warmup_project/install/local_setup.sh'
[1.363s] INFO:colcon.colcon_core.shell:Creating prefix util module '/home/deep13/ros2_ws/src/warmup_project/install/_local_setup_util_sh.py'
[1.363s] INFO:colcon.colcon_core.shell:Creating prefix chain script '/home/deep13/ros2_ws/src/warmup_project/install/setup.sh'
[1.365s] INFO:colcon.colcon_core.shell:Creating prefix script '/home/deep13/ros2_ws/src/warmup_project/install/local_setup.bash'
[1.365s] INFO:colcon.colcon_core.shell:Creating prefix chain script '/home/deep13/ros2_ws/src/warmup_project/install/setup.bash'
[1.367s] INFO:colcon.colcon_core.shell:Creating prefix script '/home/deep13/ros2_ws/src/warmup_project/install/local_setup.zsh'
[1.367s] INFO:colcon.colcon_core.shell:Creating prefix chain script '/home/deep13/ros2_ws/src/warmup_project/install/setup.zsh'
